========================================
post-commit @ 2026-04-30T11:43:27-04:00
commit: 9524ac3f637e13afb8937d0543a7f7f0ed61b058
files:
  _Image_NB_Fixed/alfa-laval-centrifugal-separator/alfa-laval-disc-centrifuge-bowl-cross-section-600-1.webp  (deleted)
  _Image_NB_Fixed/alfa-laval-centrifugal-separator/decanter-bowl-scroll-rotation-600.webp  (deleted)
  _Image_NB_Fixed/alfa-laval-centrifuge/WSPX-303-CHASSIX-elevated-rear-right-white-600.webp  (deleted)
  _Image_NB_Fixed/alfa-laval-disc-centrifuge-bowl-cross-section-fixed-2028.webp  (deleted)
  _Image_NB_Fixed/alfa-laval-disc-centrifuge-bowl-cross-section-fixed-600.webp  (deleted)
  _Image_NB_Fixed/disc-stack-centrifuge/Chamber-Decanter-Disc-Centrifuge-Ae-1200.webp  (deleted)
  _Image_NB_Fixed/disc-stack-centrifuge/Chamber-Decanter-Disc-Centrifuge-Ae-800.png  (deleted)
  _Image_NB_Fixed/disc-stack-centrifuge/Industrial-Waste-Oil-Self-Cleaning-Centrifuges-900.webp  (deleted)
  _Image_NB_Fixed/disc-stack-centrifuge/Industrial-Waste-Oil-Self-Cleaning-Centrifuges.png  (deleted)
  _Image_NB_Fixed/disc-stack-centrifuge/MOPX207-DILMAR-front-left-white-600.webp  (deleted)
  _Image_NB_Fixed/disc-stack-centrifuge/MOPX207-ECOSOL-front-left-white-800.webp  (deleted)
  _Image_NB_Fixed/disc-stack-centrifuge/MOPX207-ECOSOL-front-left-white.webp  (deleted)
  _Image_NB_Fixed/disc-stack-centrifuge/decanter-disc-centrifuge-particle-size-efficiency-600.webp  (deleted)
  _Image_NB_Fixed/disc-stack-centrifuge/disc-stack-centrifuge-bowl-363.webp  (deleted)
  _Image_NB_Fixed/disc-stack-centrifuge/disc-stack-centrifuge-bowl-600.webp  (deleted)
  _Image_NB_Fixed/disc-stack-centrifuge/disc-stack-centrifuge-bowl-solid-363.webp  (deleted)
  _Image_NB_Fixed/disc-stack-centrifuge/disc-stack-centrifuge-bowl-solid-600.webp  (deleted)
  _Image_NB_Fixed/disc-stack-centrifuge/disc-stack-centrifuge-bowl-solid.png  (deleted)
  _Image_NB_Fixed/disc-stack-centrifuge/disc-stack-centrifuge-bowl.png  (deleted)
  _Image_NB_Fixed/used-oil-centrifuge/Used-Oil-Centrifuge-Plant-Layout-850.webp  (deleted)
  _Image_NB_Fixed/used-oil-centrifuge/Used-Oil-Centrifuge-Plant-Layout-900.png  (deleted)
  _Image_NB_Fixed/used-oil-centrifuge/Used-Oil-Centrifuge-Plant-Layout-900.webp  (deleted)
  _Image_Repair/alfa-laval-centrifugal-separator/Alfa-Laval-Centrifuge-Separator-Type-MAPX-210.webp  (deleted)
  _Image_Repair/alfa-laval-centrifugal-separator/alfa-laval-disc-centrifuge-bowl-cross-section-1000.jpg  (deleted)
  _Image_Repair/alfa-laval-centrifugal-separator/alfa-laval-disc-centrifuge-bowl-cross-section-1350.jpg  (deleted)
  _Image_Repair/alfa-laval-centrifugal-separator/alfa-laval-disc-centrifuge-bowl-cross-section-400-1.webp  (deleted)
  _Image_Repair/alfa-laval-centrifugal-separator/alfa-laval-disc-centrifuge-bowl-cross-section-400-efficiency.jpg  (deleted)
  _Image_Repair/alfa-laval-centrifugal-separator/alfa-laval-disc-centrifuge-bowl-cross-section-400-glossary.jpg  (deleted)
  _Image_Repair/alfa-laval-centrifugal-separator/alfa-laval-disc-centrifuge-bowl-cross-section-400.jpg  (deleted)
  _Image_Repair/alfa-laval-centrifugal-separator/alfa-laval-disc-centrifuge-bowl-cross-section-800-efficiency.jpg  (deleted)
  _Image_Repair/alfa-laval-centrifugal-separator/alfa-laval-disc-centrifuge-bowl-cross-section-800.jpg  (deleted)
  _Image_Repair/alfa-laval-centrifugal-separator/decanter-bowl-scroll-rotation-400.webp  (deleted)
  _Image_Repair/alfa-laval-g2-40-decanter/Alfa-Laval-Decanter-Rotating-Assembly-600.webp  (deleted)
  _Image_Repair/alfa-laval-g2-40-decanter/Decanter-Cross-Section-600.webp  (deleted)
  _Image_Repair/disc-centrifuge-backpressure/Centrifuge-BackPressure-Bowl-Section-600.webp  (deleted)
  _Image_Repair/disc-centrifuge-backpressure/Centrifuge-BackPressure-Setup-.webp  (deleted)
  _Image_Repair/disc-stack-centrifuge-efficiency/Disc-Stack-Centrifuge-Effect-of-Flow-Rate-on-Centrate-Clarity.jpg  (deleted)
  _Image_Repair/disc-stack-centrifuge-efficiency/Disc-Stack-Centrifuge-Effect-of-Flow-Rate-on-Centrate-Clarity.webp  (deleted)
  _Image_Repair/disc-stack-centrifuge-efficiency/Flow-Rate-vs-Particle-Separation-Efficiency-800.jpg  (deleted)
  _Image_Repair/disc-stack-centrifuge-efficiency/Flow-Rate-vs-Particle-Separation-Efficiency-800.webp  (deleted)
  _Image_Repair/disc-stack-centrifuge-efficiency/disc-bowl-cross-section-efficiency-600.jpg  (deleted)
  _Image_Repair/disc-stack-centrifuge-efficiency/disc-bowl-cross-section-efficiency-600.webp  (deleted)
  _Image_Repair/disc-stack-centrifuge-efficiency/disc-centrifuge-gravity-disc-500-300x286.jpg  (deleted)
  _Image_Repair/disc-stack-centrifuge-efficiency/disc-centrifuge-gravity-disc-500-300x286.webp  (deleted)
  _Image_Repair/disc-stack-centrifuge-efficiency/disc-centrifuge-nomogram-825.jpg  (deleted)
  _Image_Repair/disc-stack-centrifuge-efficiency/disc-centrifuge-nomogram-825.webp  (deleted)
  _Image_Repair/disc-stack-centrifuge-efficiency/oil-viscosity-vs-temperature-600.jpg  (deleted)
  _Image_Repair/disc-stack-centrifuge-efficiency/oil-viscosity-vs-temperature-600.webp  (deleted)
  _Image_Repair/disc-stack-centrifuge/Chamber-Decanter-Disc-Centrifuge-Ae-800.webp  (deleted)
  _Image_Repair/disc-stack-centrifuge/Industrial-Waste-Oil-Self-Cleaning-Centrifuges.webp  (deleted)
  _Image_Repair/disc-stack-centrifuge/disc-stack-centrifuge-bowl-solid.webp  (deleted)
  _Image_Repair/disc-stack-centrifuge/disc-stack-centrifuge-bowl.webp  (deleted)
  _Image_Repair/fuel-oil-centrifuge/fuel-oil-centrifuge-hero-nb.webp  (deleted)
  _Image_Repair/used-oil-centrifuge/HERO_NEEDED.txt  (deleted)
  _Image_Repair/used-oil-centrifuge/Used-Oil-Centrifuge-Plant-Layout-600.webp  (deleted)
  _Image_Repair/used-oil-centrifuge/Used-Oil-Centrifuge-Plant-Layout.jpg  (deleted)
  _Image_Repair/used-oil-centrifuge/Used_Oil_Centrifuge_Hero_1440.jpg  (deleted)
  _Image_Repair/wastewater-centrifuge/Wastewater  (deleted)
  Background  (deleted)
  Hero  (deleted)
  Image  (deleted)
  Dolphin  (deleted)
  Centrifuge.jpg  (deleted)
  _New_Hero_Image/alfa-laval-centrifugal-separator/alfa-laval-centrifugal-separator_hero.webp  (deleted)
  _New_Hero_Image/alfa-laval-centrifuge-parts/Alfa  (deleted)
  Laval  (deleted)
  Parts  (deleted)
  hero  (deleted)
  1400.webp  (deleted)
  _New_Hero_Image/disc-centrifuge-backpressure/Centrifuge-BackPressure-Setup-.webp  (deleted)
  _New_Hero_Image/industrial-centrifuge-sample-testing/HERO_NEEDED.txt  (deleted)
  _New_Hero_Image/used-oil-centrifuge/Used_Oil_Centrifuge_Hero_1440.webp.done  (deleted)
  _New_Hero_Image/used-oil-centrifuge/used-oil-centrifuge_hero.webp  (deleted)
  _New_Hero_Image/wastewater-centrifuge/wastewater-centrifuge_hero.webp  (deleted)
  _Old_Hero_Image/alfa-laval-centrifugal-separator/Alfa-Laval-Centrifuge-Separator-Type-MAPX-210.webp  (deleted)
  _Old_Hero_Image/alfa-laval-g2-40-decanter/Decanter-Cross-Section-nb.webp  (deleted)
  _Old_Hero_Image/disc-stack-centrifuge-efficiency/disc-centrifuge-nomogram-825.webp  (deleted)
  _Old_Hero_Image/disc-stack-centrifuge-sludge-ejection-cycle-time/Bowl-Sludge-Ports-600.webp  (deleted)
  _Old_Hero_Image/fuel-oil-centrifuge/fuel-oil-centrifuge-hero-nb.webp  (deleted)
  _Old_Hero_Image/industrial-centrifuge-sample-testing/industrial-centrifuge-sample-testing-1024x371.webp  (deleted)
  _Old_Hero_Image/sharples-p-3400-decanter/sharples-p3400-oilfield-decanter.webp  (deleted)
  _Old_Hero_Image/used-oil-centrifuge/Alfa-Laval-WHPX510-Used-Engine-Oil-Centrifuge.webp  (deleted)
  _Old_Hero_Image/wastewater-centrifuge/wastewater-centrifuge_hero_OLD.webp  (deleted)

